<?xml version="1.0" encoding="UTF-8"?>
<testng-results skipped="0" failed="0" ignored="0" total="1" passed="1">
  <reporter-output>
  </reporter-output>
  <suite name="Suite" duration-ms="9607" started-at="2018-02-24T17:55:17Z" finished-at="2018-02-24T17:55:26Z">
    <groups>
    </groups>
    <test name="Test" duration-ms="9607" started-at="2018-02-24T17:55:17Z" finished-at="2018-02-24T17:55:26Z">
      <class name="Sassafras.NewTest">
        <test-method status="PASS" signature="beforeTest()[pri:0, instance:Sassafras.NewTest@3bfdc050]" name="beforeTest" is-config="true" duration-ms="4840" started-at="2018-02-24T17:55:17Z" finished-at="2018-02-24T17:55:21Z">
          <reporter-output>
          </reporter-output>
        </test-method> <!-- beforeTest -->
        <test-method status="PASS" signature="mavenTest()[pri:0, instance:Sassafras.NewTest@3bfdc050]" name="mavenTest" duration-ms="3309" started-at="2018-02-24T17:55:21Z" finished-at="2018-02-24T17:55:25Z">
          <reporter-output>
          </reporter-output>
        </test-method> <!-- mavenTest -->
        <test-method status="PASS" signature="afterTest()[pri:0, instance:Sassafras.NewTest@3bfdc050]" name="afterTest" is-config="true" duration-ms="1437" started-at="2018-02-24T17:55:25Z" finished-at="2018-02-24T17:55:26Z">
          <reporter-output>
          </reporter-output>
        </test-method> <!-- afterTest -->
      </class> <!-- Sassafras.NewTest -->
    </test> <!-- Test -->
  </suite> <!-- Suite -->
</testng-results>
